<?xml version="1.0" encoding="UTF-8"?>
<testsuites>
    <testsuite name=";" tests="8" failures="0" skipped="0">
        <properties>
            <property name="URI" value="C:/dev/cucumber-exempel-2/features/coffee-machine.feature">
            </property>
        </properties>
        <testcase name="Given that the machine is plugged in" classname=";" time="0.000569253">
        </testcase>
        <testcase name="And that water is available" classname=";" time="0.000148786">
        </testcase>
        <testcase name="And that the machine has enough ground coffee" classname=";" time="0.000425208">
        </testcase>
        <testcase name="And the machine has plastic cups" classname=";" time="0.000189995">
        </testcase>
        <testcase name="When the user inserts a 10 kr coin" classname=";" time="0.000145869">
        </testcase>
        <testcase name="And the user inserts a 0 kr coin" classname=";" time="0.000119248">
        </testcase>
        <testcase name="And presses the &quot;start&quot; button" classname=";" time="0.000105754">
        </testcase>
        <testcase name="Then the user recieves 1 cup of coffee." classname=";" time="0.000101744">
        </testcase>
    </testsuite>
    <testsuite name=";" tests="8" failures="0" skipped="0">
        <properties>
            <property name="URI" value="C:/dev/cucumber-exempel-2/features/coffee-machine.feature">
            </property>
        </properties>
        <testcase name="Given that the machine is plugged in" classname=";" time="0.000179418">
        </testcase>
        <testcase name="And that water is available" classname=";" time="0.000140399">
        </testcase>
        <testcase name="And that the machine has enough ground coffee" classname=";" time="0.000087157">
        </testcase>
        <testcase name="And the machine has plastic cups" classname=";" time="0.000065641">
        </testcase>
        <testcase name="When the user inserts a 5 kr coin" classname=";" time="0.000060171">
        </testcase>
        <testcase name="And the user inserts a 5 kr coin" classname=";" time="0.000055065">
        </testcase>
        <testcase name="And presses the &quot;start&quot; button" classname=";" time="0.000044854">
        </testcase>
        <testcase name="Then the user recieves 1 cup of coffee." classname=";" time="0.000069652">
        </testcase>
    </testsuite>
    <testsuite name=";" tests="8" failures="0" skipped="0">
        <properties>
            <property name="URI" value="C:/dev/cucumber-exempel-2/features/coffee-machine.feature">
            </property>
        </properties>
        <testcase name="Given that the machine is plugged in" classname=";" time="0.000063453">
        </testcase>
        <testcase name="And that water is available" classname=";" time="0.000069288">
        </testcase>
        <testcase name="And that the machine has enough ground coffee" classname=";" time="0.00008351">
        </testcase>
        <testcase name="And the machine has plastic cups" classname=";" time="0.00005543">
        </testcase>
        <testcase name="When the user inserts a 1 kr coin" classname=";" time="0.000059806">
        </testcase>
        <testcase name="And the user inserts a 1 kr coin" classname=";" time="0.000057254">
        </testcase>
        <testcase name="And presses the &quot;start&quot; button" classname=";" time="0.000044855">
        </testcase>
        <testcase name="Then the user recieves 0 cup of coffee." classname=";" time="0.00021151">
        </testcase>
    </testsuite>
    <testsuite name=";" tests="8" failures="0" skipped="0">
        <properties>
            <property name="URI" value="C:/dev/cucumber-exempel-2/features/coffee-machine.feature">
            </property>
        </properties>
        <testcase name="Given that the machine is plugged in" classname=";" time="0.000077675">
        </testcase>
        <testcase name="And that water is available" classname=";" time="0.000074393">
        </testcase>
        <testcase name="And that the machine has enough ground coffee" classname=";" time="0.000068194">
        </testcase>
        <testcase name="And the machine has plastic cups" classname=";" time="0.000054336">
        </testcase>
        <testcase name="When the user inserts a &quot;byxknapp&quot; kr coin" classname=";" time="0.000830724">
        </testcase>
        <testcase name="And the user inserts a 1 kr coin" classname=";" time="0.000070382">
        </testcase>
        <testcase name="And presses the &quot;start&quot; button" classname=";" time="0.000037561">
        </testcase>
        <testcase name="Then the user recieves 0 cup of coffee." classname=";" time="0.000057983">
        </testcase>
    </testsuite>
</testsuites>