<?xml version="1.0" encoding="UTF-8"?>
<testsuites>
    <testsuite name=";buy-americano-with-coins" tests="11" failures="0" skipped="11">
        <properties>
            <property name="URI" value="C:/dev/kaffemaskin1/kaffemaskin1/features/americano.feature">
            </property>
        </properties>
        <testcase name="Given that the machine is plugged in" classname=";buy-americano-with-coins">
            <skipped message="">
            </skipped>
        </testcase>
        <testcase name="And that water is available" classname=";buy-americano-with-coins">
            <skipped message="">
            </skipped>
        </testcase>
        <testcase name="And that the machine has enough ground coffee" classname=";buy-americano-with-coins">
            <skipped message="">
            </skipped>
        </testcase>
        <testcase name="And the machine has plastic cups" classname=";buy-americano-with-coins">
            <skipped message="">
            </skipped>
        </testcase>
        <testcase name="When the user presses the &quot;Americano&quot; button" classname=";buy-americano-with-coins">
            <skipped message="">
            </skipped>
        </testcase>
        <testcase name="When the user inserts a 10 kr coin" classname=";buy-americano-with-coins">
            <skipped message="">
            </skipped>
        </testcase>
        <testcase name="And the user inserts a 10 kr coin" classname=";buy-americano-with-coins">
            <skipped message="">
            </skipped>
        </testcase>
        <testcase name="And the user inserts a 0 kr coin" classname=";buy-americano-with-coins">
            <skipped message="">
            </skipped>
        </testcase>
        <testcase name="And the user inserts a 0 kr coin" classname=";buy-americano-with-coins">
            <skipped message="">
            </skipped>
        </testcase>
        <testcase name="And presses the &quot;start&quot; button" classname=";buy-americano-with-coins">
            <skipped message="">
            </skipped>
        </testcase>
        <testcase name="Then the user recieves 1 cup of americano." classname=";buy-americano-with-coins">
            <skipped message="">
            </skipped>
        </testcase>
    </testsuite>
    <testsuite name=";buy-americano-with-coins" tests="11" failures="0" skipped="11">
        <properties>
            <property name="URI" value="C:/dev/kaffemaskin1/kaffemaskin1/features/americano.feature">
            </property>
        </properties>
        <testcase name="Given that the machine is plugged in" classname=";buy-americano-with-coins">
            <skipped message="">
            </skipped>
        </testcase>
        <testcase name="And that water is available" classname=";buy-americano-with-coins">
            <skipped message="">
            </skipped>
        </testcase>
        <testcase name="And that the machine has enough ground coffee" classname=";buy-americano-with-coins">
            <skipped message="">
            </skipped>
        </testcase>
        <testcase name="And the machine has plastic cups" classname=";buy-americano-with-coins">
            <skipped message="">
            </skipped>
        </testcase>
        <testcase name="When the user presses the &quot;Americano&quot; button" classname=";buy-americano-with-coins">
            <skipped message="">
            </skipped>
        </testcase>
        <testcase name="When the user inserts a 5 kr coin" classname=";buy-americano-with-coins">
            <skipped message="">
            </skipped>
        </testcase>
        <testcase name="And the user inserts a 5 kr coin" classname=";buy-americano-with-coins">
            <skipped message="">
            </skipped>
        </testcase>
        <testcase name="And the user inserts a 5 kr coin" classname=";buy-americano-with-coins">
            <skipped message="">
            </skipped>
        </testcase>
        <testcase name="And the user inserts a 5 kr coin" classname=";buy-americano-with-coins">
            <skipped message="">
            </skipped>
        </testcase>
        <testcase name="And presses the &quot;start&quot; button" classname=";buy-americano-with-coins">
            <skipped message="">
            </skipped>
        </testcase>
        <testcase name="Then the user recieves 1 cup of americano." classname=";buy-americano-with-coins">
            <skipped message="">
            </skipped>
        </testcase>
    </testsuite>
    <testsuite name=";buy-americano-with-coins" tests="11" failures="0" skipped="11">
        <properties>
            <property name="URI" value="C:/dev/kaffemaskin1/kaffemaskin1/features/americano.feature">
            </property>
        </properties>
        <testcase name="Given that the machine is plugged in" classname=";buy-americano-with-coins">
            <skipped message="">
            </skipped>
        </testcase>
        <testcase name="And that water is available" classname=";buy-americano-with-coins">
            <skipped message="">
            </skipped>
        </testcase>
        <testcase name="And that the machine has enough ground coffee" classname=";buy-americano-with-coins">
            <skipped message="">
            </skipped>
        </testcase>
        <testcase name="And the machine has plastic cups" classname=";buy-americano-with-coins">
            <skipped message="">
            </skipped>
        </testcase>
        <testcase name="When the user presses the &quot;Americano&quot; button" classname=";buy-americano-with-coins">
            <skipped message="">
            </skipped>
        </testcase>
        <testcase name="When the user inserts a 10 kr coin" classname=";buy-americano-with-coins">
            <skipped message="">
            </skipped>
        </testcase>
        <testcase name="And the user inserts a 0 kr coin" classname=";buy-americano-with-coins">
            <skipped message="">
            </skipped>
        </testcase>
        <testcase name="And the user inserts a 0 kr coin" classname=";buy-americano-with-coins">
            <skipped message="">
            </skipped>
        </testcase>
        <testcase name="And the user inserts a 0 kr coin" classname=";buy-americano-with-coins">
            <skipped message="">
            </skipped>
        </testcase>
        <testcase name="And presses the &quot;start&quot; button" classname=";buy-americano-with-coins">
            <skipped message="">
            </skipped>
        </testcase>
        <testcase name="Then the user recieves 0 cup of americano." classname=";buy-americano-with-coins">
            <skipped message="">
            </skipped>
        </testcase>
    </testsuite>
    <testsuite name=";buy-americano-with-coins" tests="11" failures="0" skipped="11">
        <properties>
            <property name="URI" value="C:/dev/kaffemaskin1/kaffemaskin1/features/americano.feature">
            </property>
        </properties>
        <testcase name="Given that the machine is plugged in" classname=";buy-americano-with-coins">
            <skipped message="">
            </skipped>
        </testcase>
        <testcase name="And that water is available" classname=";buy-americano-with-coins">
            <skipped message="">
            </skipped>
        </testcase>
        <testcase name="And that the machine has enough ground coffee" classname=";buy-americano-with-coins">
            <skipped message="">
            </skipped>
        </testcase>
        <testcase name="And the machine has plastic cups" classname=";buy-americano-with-coins">
            <skipped message="">
            </skipped>
        </testcase>
        <testcase name="When the user presses the &quot;Americano&quot; button" classname=";buy-americano-with-coins">
            <skipped message="">
            </skipped>
        </testcase>
        <testcase name="When the user inserts a &quot;byxknapp&quot; kr coin" classname=";buy-americano-with-coins">
            <skipped message="">
            </skipped>
        </testcase>
        <testcase name="And the user inserts a 1 kr coin" classname=";buy-americano-with-coins">
            <skipped message="">
            </skipped>
        </testcase>
        <testcase name="And the user inserts a 0 kr coin" classname=";buy-americano-with-coins">
            <skipped message="">
            </skipped>
        </testcase>
        <testcase name="And the user inserts a 0 kr coin" classname=";buy-americano-with-coins">
            <skipped message="">
            </skipped>
        </testcase>
        <testcase name="And presses the &quot;start&quot; button" classname=";buy-americano-with-coins">
            <skipped message="">
            </skipped>
        </testcase>
        <testcase name="Then the user recieves 0 cup of americano." classname=";buy-americano-with-coins">
            <skipped message="">
            </skipped>
        </testcase>
    </testsuite>
    <testsuite name=";buy-americano-with-coins" tests="11" failures="0" skipped="11">
        <properties>
            <property name="URI" value="C:/dev/kaffemaskin1/kaffemaskin1/features/americano.feature">
            </property>
        </properties>
        <testcase name="Given that the machine is plugged in" classname=";buy-americano-with-coins">
            <skipped message="">
            </skipped>
        </testcase>
        <testcase name="And that water is available" classname=";buy-americano-with-coins">
            <skipped message="">
            </skipped>
        </testcase>
        <testcase name="And that the machine has enough ground coffee" classname=";buy-americano-with-coins">
            <skipped message="">
            </skipped>
        </testcase>
        <testcase name="And the machine has plastic cups" classname=";buy-americano-with-coins">
            <skipped message="">
            </skipped>
        </testcase>
        <testcase name="When the user presses the &quot;Americano&quot; button" classname=";buy-americano-with-coins">
            <skipped message="">
            </skipped>
        </testcase>
        <testcase name="When the user inserts a 5 kr coin" classname=";buy-americano-with-coins">
            <skipped message="">
            </skipped>
        </testcase>
        <testcase name="And the user inserts a 0 kr coin" classname=";buy-americano-with-coins">
            <skipped message="">
            </skipped>
        </testcase>
        <testcase name="And the user inserts a 0 kr coin" classname=";buy-americano-with-coins">
            <skipped message="">
            </skipped>
        </testcase>
        <testcase name="And the user inserts a 0 kr coin" classname=";buy-americano-with-coins">
            <skipped message="">
            </skipped>
        </testcase>
        <testcase name="And presses the &quot;start&quot; button" classname=";buy-americano-with-coins">
            <skipped message="">
            </skipped>
        </testcase>
        <testcase name="Then the user recieves 0 cup of americano." classname=";buy-americano-with-coins">
            <skipped message="">
            </skipped>
        </testcase>
    </testsuite>
    <testsuite name=";buy-caffe-latte-with-coins" tests="11" failures="0" skipped="11">
        <properties>
            <property name="URI" value="C:/dev/kaffemaskin1/kaffemaskin1/features/caffelatte.feature">
            </property>
        </properties>
        <testcase name="Given that the machine is plugged in" classname=";buy-caffe-latte-with-coins">
            <skipped message="">
            </skipped>
        </testcase>
        <testcase name="And that water is available" classname=";buy-caffe-latte-with-coins">
            <skipped message="">
            </skipped>
        </testcase>
        <testcase name="And that the machine has enough ground coffee" classname=";buy-caffe-latte-with-coins">
            <skipped message="">
            </skipped>
        </testcase>
        <testcase name="And the machine has plastic cups" classname=";buy-caffe-latte-with-coins">
            <skipped message="">
            </skipped>
        </testcase>
        <testcase name="When the user presses the &quot;Caffelatte&quot; button" classname=";buy-caffe-latte-with-coins">
            <skipped message="">
            </skipped>
        </testcase>
        <testcase name="When the user inserts a 10 kr coin" classname=";buy-caffe-latte-with-coins">
            <skipped message="">
            </skipped>
        </testcase>
        <testcase name="And the user inserts a 10 kr coin" classname=";buy-caffe-latte-with-coins">
            <skipped message="">
            </skipped>
        </testcase>
        <testcase name="And the user inserts a 0 kr coin" classname=";buy-caffe-latte-with-coins">
            <skipped message="">
            </skipped>
        </testcase>
        <testcase name="And the user inserts a 0 kr coin" classname=";buy-caffe-latte-with-coins">
            <skipped message="">
            </skipped>
        </testcase>
        <testcase name="And presses the &quot;start&quot; button" classname=";buy-caffe-latte-with-coins">
            <skipped message="">
            </skipped>
        </testcase>
        <testcase name="Then the user recieves 1 cup of Caffe Latte." classname=";buy-caffe-latte-with-coins">
            <skipped message="">
            </skipped>
        </testcase>
    </testsuite>
    <testsuite name=";buy-caffe-latte-with-coins" tests="11" failures="0" skipped="11">
        <properties>
            <property name="URI" value="C:/dev/kaffemaskin1/kaffemaskin1/features/caffelatte.feature">
            </property>
        </properties>
        <testcase name="Given that the machine is plugged in" classname=";buy-caffe-latte-with-coins">
            <skipped message="">
            </skipped>
        </testcase>
        <testcase name="And that water is available" classname=";buy-caffe-latte-with-coins">
            <skipped message="">
            </skipped>
        </testcase>
        <testcase name="And that the machine has enough ground coffee" classname=";buy-caffe-latte-with-coins">
            <skipped message="">
            </skipped>
        </testcase>
        <testcase name="And the machine has plastic cups" classname=";buy-caffe-latte-with-coins">
            <skipped message="">
            </skipped>
        </testcase>
        <testcase name="When the user presses the &quot;Caffelatte&quot; button" classname=";buy-caffe-latte-with-coins">
            <skipped message="">
            </skipped>
        </testcase>
        <testcase name="When the user inserts a 5 kr coin" classname=";buy-caffe-latte-with-coins">
            <skipped message="">
            </skipped>
        </testcase>
        <testcase name="And the user inserts a 5 kr coin" classname=";buy-caffe-latte-with-coins">
            <skipped message="">
            </skipped>
        </testcase>
        <testcase name="And the user inserts a 5 kr coin" classname=";buy-caffe-latte-with-coins">
            <skipped message="">
            </skipped>
        </testcase>
        <testcase name="And the user inserts a 5 kr coin" classname=";buy-caffe-latte-with-coins">
            <skipped message="">
            </skipped>
        </testcase>
        <testcase name="And presses the &quot;start&quot; button" classname=";buy-caffe-latte-with-coins">
            <skipped message="">
            </skipped>
        </testcase>
        <testcase name="Then the user recieves 1 cup of Caffe Latte." classname=";buy-caffe-latte-with-coins">
            <skipped message="">
            </skipped>
        </testcase>
    </testsuite>
    <testsuite name=";buy-caffe-latte-with-coins" tests="11" failures="0" skipped="11">
        <properties>
            <property name="URI" value="C:/dev/kaffemaskin1/kaffemaskin1/features/caffelatte.feature">
            </property>
        </properties>
        <testcase name="Given that the machine is plugged in" classname=";buy-caffe-latte-with-coins">
            <skipped message="">
            </skipped>
        </testcase>
        <testcase name="And that water is available" classname=";buy-caffe-latte-with-coins">
            <skipped message="">
            </skipped>
        </testcase>
        <testcase name="And that the machine has enough ground coffee" classname=";buy-caffe-latte-with-coins">
            <skipped message="">
            </skipped>
        </testcase>
        <testcase name="And the machine has plastic cups" classname=";buy-caffe-latte-with-coins">
            <skipped message="">
            </skipped>
        </testcase>
        <testcase name="When the user presses the &quot;Caffelatte&quot; button" classname=";buy-caffe-latte-with-coins">
            <skipped message="">
            </skipped>
        </testcase>
        <testcase name="When the user inserts a 10 kr coin" classname=";buy-caffe-latte-with-coins">
            <skipped message="">
            </skipped>
        </testcase>
        <testcase name="And the user inserts a 0 kr coin" classname=";buy-caffe-latte-with-coins">
            <skipped message="">
            </skipped>
        </testcase>
        <testcase name="And the user inserts a 0 kr coin" classname=";buy-caffe-latte-with-coins">
            <skipped message="">
            </skipped>
        </testcase>
        <testcase name="And the user inserts a 0 kr coin" classname=";buy-caffe-latte-with-coins">
            <skipped message="">
            </skipped>
        </testcase>
        <testcase name="And presses the &quot;start&quot; button" classname=";buy-caffe-latte-with-coins">
            <skipped message="">
            </skipped>
        </testcase>
        <testcase name="Then the user recieves 0 cup of Caffe Latte." classname=";buy-caffe-latte-with-coins">
            <skipped message="">
            </skipped>
        </testcase>
    </testsuite>
    <testsuite name=";buy-caffe-latte-with-coins" tests="11" failures="0" skipped="11">
        <properties>
            <property name="URI" value="C:/dev/kaffemaskin1/kaffemaskin1/features/caffelatte.feature">
            </property>
        </properties>
        <testcase name="Given that the machine is plugged in" classname=";buy-caffe-latte-with-coins">
            <skipped message="">
            </skipped>
        </testcase>
        <testcase name="And that water is available" classname=";buy-caffe-latte-with-coins">
            <skipped message="">
            </skipped>
        </testcase>
        <testcase name="And that the machine has enough ground coffee" classname=";buy-caffe-latte-with-coins">
            <skipped message="">
            </skipped>
        </testcase>
        <testcase name="And the machine has plastic cups" classname=";buy-caffe-latte-with-coins">
            <skipped message="">
            </skipped>
        </testcase>
        <testcase name="When the user presses the &quot;Caffelatte&quot; button" classname=";buy-caffe-latte-with-coins">
            <skipped message="">
            </skipped>
        </testcase>
        <testcase name="When the user inserts a &quot;byxknapp&quot; kr coin" classname=";buy-caffe-latte-with-coins">
            <skipped message="">
            </skipped>
        </testcase>
        <testcase name="And the user inserts a 1 kr coin" classname=";buy-caffe-latte-with-coins">
            <skipped message="">
            </skipped>
        </testcase>
        <testcase name="And the user inserts a 0 kr coin" classname=";buy-caffe-latte-with-coins">
            <skipped message="">
            </skipped>
        </testcase>
        <testcase name="And the user inserts a 0 kr coin" classname=";buy-caffe-latte-with-coins">
            <skipped message="">
            </skipped>
        </testcase>
        <testcase name="And presses the &quot;start&quot; button" classname=";buy-caffe-latte-with-coins">
            <skipped message="">
            </skipped>
        </testcase>
        <testcase name="Then the user recieves 0 cup of Caffe Latte." classname=";buy-caffe-latte-with-coins">
            <skipped message="">
            </skipped>
        </testcase>
    </testsuite>
    <testsuite name=";buy-caffe-latte-with-coins" tests="11" failures="0" skipped="11">
        <properties>
            <property name="URI" value="C:/dev/kaffemaskin1/kaffemaskin1/features/caffelatte.feature">
            </property>
        </properties>
        <testcase name="Given that the machine is plugged in" classname=";buy-caffe-latte-with-coins">
            <skipped message="">
            </skipped>
        </testcase>
        <testcase name="And that water is available" classname=";buy-caffe-latte-with-coins">
            <skipped message="">
            </skipped>
        </testcase>
        <testcase name="And that the machine has enough ground coffee" classname=";buy-caffe-latte-with-coins">
            <skipped message="">
            </skipped>
        </testcase>
        <testcase name="And the machine has plastic cups" classname=";buy-caffe-latte-with-coins">
            <skipped message="">
            </skipped>
        </testcase>
        <testcase name="When the user presses the &quot;Caffelatte&quot; button" classname=";buy-caffe-latte-with-coins">
            <skipped message="">
            </skipped>
        </testcase>
        <testcase name="When the user inserts a 5 kr coin" classname=";buy-caffe-latte-with-coins">
            <skipped message="">
            </skipped>
        </testcase>
        <testcase name="And the user inserts a 0 kr coin" classname=";buy-caffe-latte-with-coins">
            <skipped message="">
            </skipped>
        </testcase>
        <testcase name="And the user inserts a 0 kr coin" classname=";buy-caffe-latte-with-coins">
            <skipped message="">
            </skipped>
        </testcase>
        <testcase name="And the user inserts a 0 kr coin" classname=";buy-caffe-latte-with-coins">
            <skipped message="">
            </skipped>
        </testcase>
        <testcase name="And presses the &quot;start&quot; button" classname=";buy-caffe-latte-with-coins">
            <skipped message="">
            </skipped>
        </testcase>
        <testcase name="Then the user recieves 0 cup of Caffe Latte." classname=";buy-caffe-latte-with-coins">
            <skipped message="">
            </skipped>
        </testcase>
    </testsuite>
    <testsuite name=";buy-cappuccino-with-coins" tests="11" failures="0" skipped="11">
        <properties>
            <property name="URI" value="C:/dev/kaffemaskin1/kaffemaskin1/features/cappuccino.feature">
            </property>
        </properties>
        <testcase name="Given that the machine is plugged in" classname=";buy-cappuccino-with-coins">
            <skipped message="">
            </skipped>
        </testcase>
        <testcase name="And that water is available" classname=";buy-cappuccino-with-coins">
            <skipped message="">
            </skipped>
        </testcase>
        <testcase name="And that the machine has enough ground coffee" classname=";buy-cappuccino-with-coins">
            <skipped message="">
            </skipped>
        </testcase>
        <testcase name="And the machine has plastic cups" classname=";buy-cappuccino-with-coins">
            <skipped message="">
            </skipped>
        </testcase>
        <testcase name="When the user presses the &quot;Cappuccino&quot; button" classname=";buy-cappuccino-with-coins">
            <skipped message="">
            </skipped>
        </testcase>
        <testcase name="When the user inserts a 10 kr coin" classname=";buy-cappuccino-with-coins">
            <skipped message="">
            </skipped>
        </testcase>
        <testcase name="And the user inserts a 10 kr coin" classname=";buy-cappuccino-with-coins">
            <skipped message="">
            </skipped>
        </testcase>
        <testcase name="And the user inserts a 0 kr coin" classname=";buy-cappuccino-with-coins">
            <skipped message="">
            </skipped>
        </testcase>
        <testcase name="And the user inserts a 0 kr coin" classname=";buy-cappuccino-with-coins">
            <skipped message="">
            </skipped>
        </testcase>
        <testcase name="And presses the &quot;start&quot; button" classname=";buy-cappuccino-with-coins">
            <skipped message="">
            </skipped>
        </testcase>
        <testcase name="Then the user recieves 1 cup of cappuccino." classname=";buy-cappuccino-with-coins">
            <skipped message="">
            </skipped>
        </testcase>
    </testsuite>
    <testsuite name=";buy-cappuccino-with-coins" tests="11" failures="0" skipped="11">
        <properties>
            <property name="URI" value="C:/dev/kaffemaskin1/kaffemaskin1/features/cappuccino.feature">
            </property>
        </properties>
        <testcase name="Given that the machine is plugged in" classname=";buy-cappuccino-with-coins">
            <skipped message="">
            </skipped>
        </testcase>
        <testcase name="And that water is available" classname=";buy-cappuccino-with-coins">
            <skipped message="">
            </skipped>
        </testcase>
        <testcase name="And that the machine has enough ground coffee" classname=";buy-cappuccino-with-coins">
            <skipped message="">
            </skipped>
        </testcase>
        <testcase name="And the machine has plastic cups" classname=";buy-cappuccino-with-coins">
            <skipped message="">
            </skipped>
        </testcase>
        <testcase name="When the user presses the &quot;Cappuccino&quot; button" classname=";buy-cappuccino-with-coins">
            <skipped message="">
            </skipped>
        </testcase>
        <testcase name="When the user inserts a 5 kr coin" classname=";buy-cappuccino-with-coins">
            <skipped message="">
            </skipped>
        </testcase>
        <testcase name="And the user inserts a 5 kr coin" classname=";buy-cappuccino-with-coins">
            <skipped message="">
            </skipped>
        </testcase>
        <testcase name="And the user inserts a 5 kr coin" classname=";buy-cappuccino-with-coins">
            <skipped message="">
            </skipped>
        </testcase>
        <testcase name="And the user inserts a 5 kr coin" classname=";buy-cappuccino-with-coins">
            <skipped message="">
            </skipped>
        </testcase>
        <testcase name="And presses the &quot;start&quot; button" classname=";buy-cappuccino-with-coins">
            <skipped message="">
            </skipped>
        </testcase>
        <testcase name="Then the user recieves 1 cup of cappuccino." classname=";buy-cappuccino-with-coins">
            <skipped message="">
            </skipped>
        </testcase>
    </testsuite>
    <testsuite name=";buy-cappuccino-with-coins" tests="11" failures="0" skipped="11">
        <properties>
            <property name="URI" value="C:/dev/kaffemaskin1/kaffemaskin1/features/cappuccino.feature">
            </property>
        </properties>
        <testcase name="Given that the machine is plugged in" classname=";buy-cappuccino-with-coins">
            <skipped message="">
            </skipped>
        </testcase>
        <testcase name="And that water is available" classname=";buy-cappuccino-with-coins">
            <skipped message="">
            </skipped>
        </testcase>
        <testcase name="And that the machine has enough ground coffee" classname=";buy-cappuccino-with-coins">
            <skipped message="">
            </skipped>
        </testcase>
        <testcase name="And the machine has plastic cups" classname=";buy-cappuccino-with-coins">
            <skipped message="">
            </skipped>
        </testcase>
        <testcase name="When the user presses the &quot;Cappuccino&quot; button" classname=";buy-cappuccino-with-coins">
            <skipped message="">
            </skipped>
        </testcase>
        <testcase name="When the user inserts a 10 kr coin" classname=";buy-cappuccino-with-coins">
            <skipped message="">
            </skipped>
        </testcase>
        <testcase name="And the user inserts a 0 kr coin" classname=";buy-cappuccino-with-coins">
            <skipped message="">
            </skipped>
        </testcase>
        <testcase name="And the user inserts a 0 kr coin" classname=";buy-cappuccino-with-coins">
            <skipped message="">
            </skipped>
        </testcase>
        <testcase name="And the user inserts a 0 kr coin" classname=";buy-cappuccino-with-coins">
            <skipped message="">
            </skipped>
        </testcase>
        <testcase name="And presses the &quot;start&quot; button" classname=";buy-cappuccino-with-coins">
            <skipped message="">
            </skipped>
        </testcase>
        <testcase name="Then the user recieves 0 cup of cappuccino." classname=";buy-cappuccino-with-coins">
            <skipped message="">
            </skipped>
        </testcase>
    </testsuite>
    <testsuite name=";buy-cappuccino-with-coins" tests="11" failures="0" skipped="11">
        <properties>
            <property name="URI" value="C:/dev/kaffemaskin1/kaffemaskin1/features/cappuccino.feature">
            </property>
        </properties>
        <testcase name="Given that the machine is plugged in" classname=";buy-cappuccino-with-coins">
            <skipped message="">
            </skipped>
        </testcase>
        <testcase name="And that water is available" classname=";buy-cappuccino-with-coins">
            <skipped message="">
            </skipped>
        </testcase>
        <testcase name="And that the machine has enough ground coffee" classname=";buy-cappuccino-with-coins">
            <skipped message="">
            </skipped>
        </testcase>
        <testcase name="And the machine has plastic cups" classname=";buy-cappuccino-with-coins">
            <skipped message="">
            </skipped>
        </testcase>
        <testcase name="When the user presses the &quot;Cappuccino&quot; button" classname=";buy-cappuccino-with-coins">
            <skipped message="">
            </skipped>
        </testcase>
        <testcase name="When the user inserts a &quot;byxknapp&quot; kr coin" classname=";buy-cappuccino-with-coins">
            <skipped message="">
            </skipped>
        </testcase>
        <testcase name="And the user inserts a 1 kr coin" classname=";buy-cappuccino-with-coins">
            <skipped message="">
            </skipped>
        </testcase>
        <testcase name="And the user inserts a 0 kr coin" classname=";buy-cappuccino-with-coins">
            <skipped message="">
            </skipped>
        </testcase>
        <testcase name="And the user inserts a 0 kr coin" classname=";buy-cappuccino-with-coins">
            <skipped message="">
            </skipped>
        </testcase>
        <testcase name="And presses the &quot;start&quot; button" classname=";buy-cappuccino-with-coins">
            <skipped message="">
            </skipped>
        </testcase>
        <testcase name="Then the user recieves 0 cup of cappuccino." classname=";buy-cappuccino-with-coins">
            <skipped message="">
            </skipped>
        </testcase>
    </testsuite>
    <testsuite name=";buy-cappuccino-with-coins" tests="11" failures="0" skipped="11">
        <properties>
            <property name="URI" value="C:/dev/kaffemaskin1/kaffemaskin1/features/cappuccino.feature">
            </property>
        </properties>
        <testcase name="Given that the machine is plugged in" classname=";buy-cappuccino-with-coins">
            <skipped message="">
            </skipped>
        </testcase>
        <testcase name="And that water is available" classname=";buy-cappuccino-with-coins">
            <skipped message="">
            </skipped>
        </testcase>
        <testcase name="And that the machine has enough ground coffee" classname=";buy-cappuccino-with-coins">
            <skipped message="">
            </skipped>
        </testcase>
        <testcase name="And the machine has plastic cups" classname=";buy-cappuccino-with-coins">
            <skipped message="">
            </skipped>
        </testcase>
        <testcase name="When the user presses the &quot;Cappuccino&quot; button" classname=";buy-cappuccino-with-coins">
            <skipped message="">
            </skipped>
        </testcase>
        <testcase name="When the user inserts a 5 kr coin" classname=";buy-cappuccino-with-coins">
            <skipped message="">
            </skipped>
        </testcase>
        <testcase name="And the user inserts a 0 kr coin" classname=";buy-cappuccino-with-coins">
            <skipped message="">
            </skipped>
        </testcase>
        <testcase name="And the user inserts a 0 kr coin" classname=";buy-cappuccino-with-coins">
            <skipped message="">
            </skipped>
        </testcase>
        <testcase name="And the user inserts a 0 kr coin" classname=";buy-cappuccino-with-coins">
            <skipped message="">
            </skipped>
        </testcase>
        <testcase name="And presses the &quot;start&quot; button" classname=";buy-cappuccino-with-coins">
            <skipped message="">
            </skipped>
        </testcase>
        <testcase name="Then the user recieves 0 cup of cappuccino." classname=";buy-cappuccino-with-coins">
            <skipped message="">
            </skipped>
        </testcase>
    </testsuite>
</testsuites>